Exporter version: 2.80.1, Blender version: 2.92.0
========= Conversion from Blender to Babylon.js =========
	Scene settings used :
		Inline textures     :  false
		Material Type       :  PBR
		Positions Precision :  4
		Normals Precision   :  3
		UVs Precision       :  3
		Vert Color Precision:  3
		Mat Weight Precision:  2
		Keep Z-up r-handed  :  no
		Texture directory   :  C:\Users\Jasmine\Desktop\Master 1\Semestre 2\Minor\ProjetBabyloneJs\models\gift\
	Python World class constructor completed
	processing begun of camera (UniversalCamera):  Camera
	processing begun of mesh:  BITCOIN
		processing begun of material:  255,143,47
		Custom split normals with tangents being used
		num positions      :  216153
		num normals        :  216153
		num tangents       :  864612
		num uvs            :  432306
		num uvs2           :  0
		num colors         :  0
		num triangles      :  151276
	processing begun of light (POINT):  Light
========= Writing of JSON file started =========
	writing mesh:  BITCOIN
========= Writing of JSON file completed =========
========= end of processing =========
elapsed time:  0 min, 37.8111 secs
